This is pdfTeX, Version 3.14159265-2.6-1.40.17 (TeX Live 2016) (preloaded format=pdflatex 2016.5.22)  18 MAR 2018 23:01
entering extended mode
 restricted \write18 enabled.
 %&-line parsing enabled.
**faces.tex
(./faces.tex
LaTeX2e <2016/03/31>
Babel <3.9r> and hyphenation patterns for 83 language(s) loaded.
(/usr/local/texlive/2016/texmf-dist/tex/latex/base/article.cls
Document Class: article 2014/09/29 v1.4h Standard LaTeX document class
(/usr/local/texlive/2016/texmf-dist/tex/latex/base/size10.clo
File: size10.clo 2014/09/29 v1.4h Standard LaTeX file (size option)
)
\c@part=\count79
\c@section=\count80
\c@subsection=\count81
\c@subsubsection=\count82
\c@paragraph=\count83
\c@subparagraph=\count84
\c@figure=\count85
\c@table=\count86
\abovecaptionskip=\skip41
\belowcaptionskip=\skip42
\bibindent=\dimen102
)
(/usr/local/texlive/2016/texmf-dist/tex/generic/babel/babel.sty
Package: babel 2016/04/23 3.9r The Babel package

(/usr/local/texlive/2016/texmf-dist/tex/generic/babel-english/english.ldf
Language: english 2012/08/20 v3.3p English support from the babel system

(/usr/local/texlive/2016/texmf-dist/tex/generic/babel/babel.def
File: babel.def 2016/04/23 3.9r Babel common definitions
\babel@savecnt=\count87
\U@D=\dimen103
)
\l@canadian = a dialect from \language\l@american 
\l@australian = a dialect from \language\l@british 
\l@newzealand = a dialect from \language\l@british 
))
(/usr/local/texlive/2016/texmf-dist/tex/latex/amsmath/amsmath.sty
Package: amsmath 2016/03/10 v2.15b AMS math features
\@mathmargin=\skip43

For additional information on amsmath, use the `?' option.
(/usr/local/texlive/2016/texmf-dist/tex/latex/amsmath/amstext.sty
Package: amstext 2000/06/29 v2.01 AMS text

(/usr/local/texlive/2016/texmf-dist/tex/latex/amsmath/amsgen.sty
File: amsgen.sty 1999/11/30 v2.0 generic functions
\@emptytoks=\toks14
\ex@=\dimen104
))
(/usr/local/texlive/2016/texmf-dist/tex/latex/amsmath/amsbsy.sty
Package: amsbsy 1999/11/29 v1.2d Bold Symbols
\pmbraise@=\dimen105
)
(/usr/local/texlive/2016/texmf-dist/tex/latex/amsmath/amsopn.sty
Package: amsopn 2016/03/08 v2.02 operator names
)
\inf@bad=\count88
LaTeX Info: Redefining \frac on input line 199.
\uproot@=\count89
\leftroot@=\count90
LaTeX Info: Redefining \overline on input line 297.
\classnum@=\count91
\DOTSCASE@=\count92
LaTeX Info: Redefining \ldots on input line 394.
LaTeX Info: Redefining \dots on input line 397.
LaTeX Info: Redefining \cdots on input line 518.
\Mathstrutbox@=\box26
\strutbox@=\box27
\big@size=\dimen106
LaTeX Font Info:    Redeclaring font encoding OML on input line 634.
LaTeX Font Info:    Redeclaring font encoding OMS on input line 635.
\macc@depth=\count93
\c@MaxMatrixCols=\count94
\dotsspace@=\muskip10
\c@parentequation=\count95
\dspbrk@lvl=\count96
\tag@help=\toks15
\row@=\count97
\column@=\count98
\maxfields@=\count99
\andhelp@=\toks16
\eqnshift@=\dimen107
\alignsep@=\dimen108
\tagshift@=\dimen109
\tagwidth@=\dimen110
\totwidth@=\dimen111
\lineht@=\dimen112
\@envbody=\toks17
\multlinegap=\skip44
\multlinetaggap=\skip45
\mathdisplay@stack=\toks18
LaTeX Info: Redefining \[ on input line 2739.
LaTeX Info: Redefining \] on input line 2740.
)
(/usr/local/texlive/2016/texmf-dist/tex/latex/fancyhdr/fancyhdr.sty
\fancy@headwidth=\skip46
\f@ncyO@elh=\skip47
\f@ncyO@erh=\skip48
\f@ncyO@olh=\skip49
\f@ncyO@orh=\skip50
\f@ncyO@elf=\skip51
\f@ncyO@erf=\skip52
\f@ncyO@olf=\skip53
\f@ncyO@orf=\skip54
)
(/usr/local/texlive/2016/texmf-dist/tex/latex/lastpage/lastpage.sty
Package: lastpage 2015/03/29 v1.2m Refers to last page's name (HMM; JPG)
)
(/usr/local/texlive/2016/texmf-dist/tex/latex/fancyhdr/extramarks.sty
\@temptokenb=\toks19
)
(/usr/local/texlive/2016/texmf-dist/tex/latex/graphics/color.sty
Package: color 2016/05/09 v1.1c Standard LaTeX Color (DPC)

(/usr/local/texlive/2016/texmf-dist/tex/latex/graphics-cfg/color.cfg
File: color.cfg 2016/01/02 v1.6 sample color configuration
)
Package color Info: Driver file: pdftex.def on input line 144.

(/usr/local/texlive/2016/texmf-dist/tex/latex/pdftex-def/pdftex.def
File: pdftex.def 2011/05/27 v0.06d Graphics/color for pdfTeX

(/usr/local/texlive/2016/texmf-dist/tex/generic/oberdiek/infwarerr.sty
Package: infwarerr 2016/05/16 v1.4 Providing info/warning/error messages (HO)
)
(/usr/local/texlive/2016/texmf-dist/tex/generic/oberdiek/ltxcmds.sty
Package: ltxcmds 2016/05/16 v1.23 LaTeX kernel commands for general use (HO)
)
\Gread@gobject=\count100
)
(/usr/local/texlive/2016/texmf-dist/tex/latex/graphics/dvipsnam.def
File: dvipsnam.def 2015/12/30 v3.0k Driver-dependent file (DPC,SPQR)
))
(/usr/local/texlive/2016/texmf-dist/tex/latex/graphics/graphicx.sty
Package: graphicx 2014/10/28 v1.0g Enhanced LaTeX Graphics (DPC,SPQR)

(/usr/local/texlive/2016/texmf-dist/tex/latex/graphics/keyval.sty
Package: keyval 2014/10/28 v1.15 key=value parser (DPC)
\KV@toks@=\toks20
)
(/usr/local/texlive/2016/texmf-dist/tex/latex/graphics/graphics.sty
Package: graphics 2016/05/09 v1.0r Standard LaTeX Graphics (DPC,SPQR)

(/usr/local/texlive/2016/texmf-dist/tex/latex/graphics/trig.sty
Package: trig 2016/01/03 v1.10 sin cos tan (DPC)
)
(/usr/local/texlive/2016/texmf-dist/tex/latex/graphics-cfg/graphics.cfg
File: graphics.cfg 2016/01/02 v1.10 sample graphics configuration
)
Package graphics Info: Driver file: pdftex.def on input line 96.
)
\Gin@req@height=\dimen113
\Gin@req@width=\dimen114
)
(/usr/local/texlive/2016/texmf-dist/tex/latex/caption/subcaption.sty
Package: subcaption 2016/02/20 v1.1-142 Sub-captions (AR)

(/usr/local/texlive/2016/texmf-dist/tex/latex/caption/caption.sty
Package: caption 2016/02/21 v3.3-144 Customizing captions (AR)

(/usr/local/texlive/2016/texmf-dist/tex/latex/caption/caption3.sty
Package: caption3 2016/02/04 v1.7-139 caption3 kernel (AR)
Package caption3 Info: TeX engine: e-TeX on input line 67.
\captionmargin=\dimen115
\captionmargin@=\dimen116
\captionwidth=\dimen117
\caption@tempdima=\dimen118
\caption@indent=\dimen119
\caption@parindent=\dimen120
\caption@hangindent=\dimen121
)
\c@ContinuedFloat=\count101
)
\c@subfigure=\count102
\c@subtable=\count103
)
(/usr/local/texlive/2016/texmf-dist/tex/latex/listings/listings.sty
\lst@mode=\count104
\lst@gtempboxa=\box28
\lst@token=\toks21
\lst@length=\count105
\lst@currlwidth=\dimen122
\lst@column=\count106
\lst@pos=\count107
\lst@lostspace=\dimen123
\lst@width=\dimen124
\lst@newlines=\count108
\lst@lineno=\count109
\lst@maxwidth=\dimen125

(/usr/local/texlive/2016/texmf-dist/tex/latex/listings/lstmisc.sty
File: lstmisc.sty 2015/06/04 1.6 (Carsten Heinz)
\c@lstnumber=\count110
\lst@skipnumbers=\count111
\lst@framebox=\box29
)
(/usr/local/texlive/2016/texmf-dist/tex/latex/listings/listings.cfg
File: listings.cfg 2015/06/04 1.6 listings configuration
))
Package: listings 2015/06/04 1.6 (Carsten Heinz)

(/usr/local/texlive/2016/texmf-dist/tex/latex/psnfss/courier.sty
Package: courier 2005/04/12 PSNFSS-v9.2a (WaS) 
)
(/usr/local/texlive/2016/texmf-dist/tex/latex/lipsum/lipsum.sty
Package: lipsum 2014/07/27 v1.3 150 paragraphs of Lorem Ipsum dummy text
\c@lips@count=\count112
)
(/usr/local/texlive/2016/texmf-dist/tex/latex/listings/lstlang1.sty
File: lstlang1.sty 2015/06/04 1.6 listings language file
)
\c@homeworkProblemCounter=\count113

(./faces.aux

LaTeX Warning: Label `fig:sfig1' multiply defined.


LaTeX Warning: Label `sub@fig:sfig1' multiply defined.


LaTeX Warning: Label `fig:sfig2' multiply defined.


LaTeX Warning: Label `sub@fig:sfig2' multiply defined.


LaTeX Warning: Label `fig:sfig3' multiply defined.


LaTeX Warning: Label `sub@fig:sfig3' multiply defined.


LaTeX Warning: Label `fig:sfig3' multiply defined.


LaTeX Warning: Label `sub@fig:sfig3' multiply defined.


LaTeX Warning: Label `fig:sfig3' multiply defined.


LaTeX Warning: Label `sub@fig:sfig3' multiply defined.


LaTeX Warning: Label `fig:sfig3' multiply defined.


LaTeX Warning: Label `sub@fig:sfig3' multiply defined.


LaTeX Warning: Label `fig:sfig3' multiply defined.


LaTeX Warning: Label `fig:sfig3' multiply defined.


LaTeX Warning: Label `sub@fig:sfig3' multiply defined.


LaTeX Warning: Label `fig:sfig3' multiply defined.


LaTeX Warning: Label `sub@fig:sfig3' multiply defined.


LaTeX Warning: Label `fig:sfig3' multiply defined.


LaTeX Warning: Label `fig:sfig3' multiply defined.


LaTeX Warning: Label `fig:sfig3' multiply defined.

)
\openout1 = `faces.aux'.

LaTeX Font Info:    Checking defaults for OML/cmm/m/it on input line 174.
LaTeX Font Info:    ... okay on input line 174.
LaTeX Font Info:    Checking defaults for T1/cmr/m/n on input line 174.
LaTeX Font Info:    ... okay on input line 174.
LaTeX Font Info:    Checking defaults for OT1/cmr/m/n on input line 174.
LaTeX Font Info:    ... okay on input line 174.
LaTeX Font Info:    Checking defaults for OMS/cmsy/m/n on input line 174.
LaTeX Font Info:    ... okay on input line 174.
LaTeX Font Info:    Checking defaults for OMX/cmex/m/n on input line 174.
LaTeX Font Info:    ... okay on input line 174.
LaTeX Font Info:    Checking defaults for U/cmr/m/n on input line 174.
LaTeX Font Info:    ... okay on input line 174.
Package lastpage Info: Please have a look at the pageslts package at
(lastpage)             https://www.ctan.org/pkg/pageslts
(lastpage)             ! on input line 174.
 (/usr/local/texlive/2016/texmf-dist/tex/context/base/mkii/supp-pdf.mkii
[Loading MPS to PDF converter (version 2006.09.02).]
\scratchcounter=\count114
\scratchdimen=\dimen126
\scratchbox=\box30
\nofMPsegments=\count115
\nofMParguments=\count116
\everyMPshowfont=\toks22
\MPscratchCnt=\count117
\MPscratchDim=\dimen127
\MPnumerator=\count118
\makeMPintoPDFobject=\count119
\everyMPtoPDFconversion=\toks23
) (/usr/local/texlive/2016/texmf-dist/tex/generic/oberdiek/pdftexcmds.sty
Package: pdftexcmds 2016/05/10 v0.21 Utility functions of pdfTeX for LuaTeX (HO
)

(/usr/local/texlive/2016/texmf-dist/tex/generic/oberdiek/ifluatex.sty
Package: ifluatex 2016/05/16 v1.4 Provides the ifluatex switch (HO)
Package ifluatex Info: LuaTeX not detected.
)
(/usr/local/texlive/2016/texmf-dist/tex/generic/oberdiek/ifpdf.sty
Package: ifpdf 2016/05/14 v3.1 Provides the ifpdf switch
)
Package pdftexcmds Info: LuaTeX not detected.
Package pdftexcmds Info: \pdf@primitive is available.
Package pdftexcmds Info: \pdf@ifprimitive is available.
Package pdftexcmds Info: \pdfdraftmode found.
)
(/usr/local/texlive/2016/texmf-dist/tex/latex/oberdiek/epstopdf-base.sty
Package: epstopdf-base 2016/05/15 v2.6 Base part for package epstopdf

(/usr/local/texlive/2016/texmf-dist/tex/latex/oberdiek/grfext.sty
Package: grfext 2016/05/16 v1.2 Manage graphics extensions (HO)

(/usr/local/texlive/2016/texmf-dist/tex/generic/oberdiek/kvdefinekeys.sty
Package: kvdefinekeys 2016/05/16 v1.4 Define keys (HO)
))
(/usr/local/texlive/2016/texmf-dist/tex/latex/oberdiek/kvoptions.sty
Package: kvoptions 2016/05/16 v3.12 Key value format for package options (HO)

(/usr/local/texlive/2016/texmf-dist/tex/generic/oberdiek/kvsetkeys.sty
Package: kvsetkeys 2016/05/16 v1.17 Key value parser (HO)

(/usr/local/texlive/2016/texmf-dist/tex/generic/oberdiek/etexcmds.sty
Package: etexcmds 2016/05/16 v1.6 Avoid name clashes with e-TeX commands (HO)
Package etexcmds Info: Could not find \expanded.
(etexcmds)             That can mean that you are not using pdfTeX 1.50 or
(etexcmds)             that some package has redefined \expanded.
(etexcmds)             In the latter case, load this package earlier.
)))
Package grfext Info: Graphics extension search list:
(grfext)             [.png,.pdf,.jpg,.mps,.jpeg,.jbig2,.jb2,.PNG,.PDF,.JPG,.JPE
G,.JBIG2,.JB2,.eps]
(grfext)             \AppendGraphicsExtensions on input line 456.

(/usr/local/texlive/2016/texmf-dist/tex/latex/latexconfig/epstopdf-sys.cfg
File: epstopdf-sys.cfg 2010/07/13 v1.3 Configuration of (r)epstopdf for TeX Liv
e
))
Package caption Info: Begin \AtBeginDocument code.
Package caption Info: listings package is loaded.
Package caption Info: End \AtBeginDocument code.
\c@lstlisting=\count120

[1

{/usr/local/texlive/2016/texmf-var/fonts/map/pdftex/updmap/pdftex.map}]
LaTeX Font Info:    Try loading font information for OMS+cmr on input line 182.


(/usr/local/texlive/2016/texmf-dist/tex/latex/base/omscmr.fd
File: omscmr.fd 2014/09/29 v2.5h Standard LaTeX font definitions
)
LaTeX Font Info:    Font shape `OMS/cmr/m/n' in size <10> not available
(Font)              Font shape `OMS/cmsy/m/n' tried instead on input line 182.
 [2

]
<f1_ferrera4.jpg, id=17, 848.16875pt x 1226.5825pt>
File: f1_ferrera4.jpg Graphic file (type jpg)
 <use f1_ferrera4.jpg>
Package pdftex.def Info: f1_ferrera4.jpg used on input line 220.
(pdftex.def)             Requested size: 54.25793pt x 78.45796pt.

<f2_baldwin24.jpg, id=18, 602.25pt x 398.48875pt>
File: f2_baldwin24.jpg Graphic file (type jpg)
 <use f2_baldwin24.jpg>
Package pdftex.def Info: f2_baldwin24.jpg used on input line 227.
(pdftex.def)             Requested size: 54.25793pt x 35.89891pt.

<f3_carell164.jpg, id=19, 501.875pt x 602.25pt>
File: f3_carell164.jpg Graphic file (type jpg)
 <use f3_carell164.jpg>
Package pdftex.def Info: f3_carell164.jpg used on input line 234.
(pdftex.def)             Requested size: 54.25793pt x 65.10818pt.

<f4_carell11.jpg, id=20, 687.56876pt x 1003.75pt>
File: f4_carell11.jpg Graphic file (type jpg)
 <use f4_carell11.jpg>
Package pdftex.def Info: f4_carell11.jpg used on input line 241.
(pdftex.def)             Requested size: 54.25793pt x 79.19888pt.

<f5_ferrera128.jpg, id=21, 1204.5pt x 903.375pt>
File: f5_ferrera128.jpg Graphic file (type jpg)
 <use f5_ferrera128.jpg>
Package pdftex.def Info: f5_ferrera128.jpg used on input line 248.
(pdftex.def)             Requested size: 54.25793pt x 40.69147pt.

<f6_hader20.jpg, id=22, 449.68pt x 252.945pt>
File: f6_hader20.jpg Graphic file (type jpg)
 <use f6_hader20.jpg>
Package pdftex.def Info: f6_hader20.jpg used on input line 255.
(pdftex.def)             Requested size: 54.25793pt x 30.51805pt.

Underfull \hbox (badness 10000) in paragraph at lines 214--262

 []

<ff1_ferrera4.jpg, id=23, 32.12pt x 32.12pt>
File: ff1_ferrera4.jpg Graphic file (type jpg)
 <use ff1_ferrera4.jpg>
Package pdftex.def Info: ff1_ferrera4.jpg used on input line 267.
(pdftex.def)             Requested size: 54.25793pt x 54.26213pt.

<ff2_baldwin24.jpg, id=24, 32.12pt x 32.12pt>
File: ff2_baldwin24.jpg Graphic file (type jpg)
 <use ff2_baldwin24.jpg>
Package pdftex.def Info: ff2_baldwin24.jpg used on input line 274.
(pdftex.def)             Requested size: 54.25793pt x 54.26213pt.

<ff3_carell164.jpg, id=25, 32.12pt x 32.12pt>
File: ff3_carell164.jpg Graphic file (type jpg)
 <use ff3_carell164.jpg>
Package pdftex.def Info: ff3_carell164.jpg used on input line 281.
(pdftex.def)             Requested size: 54.25793pt x 54.26213pt.

<ff4_carell11.jpg, id=26, 32.12pt x 32.12pt>
File: ff4_carell11.jpg Graphic file (type jpg)
 <use ff4_carell11.jpg>
Package pdftex.def Info: ff4_carell11.jpg used on input line 288.
(pdftex.def)             Requested size: 54.25793pt x 54.26213pt.

<ff5_ferrera128.jpg, id=27, 32.12pt x 32.12pt>
File: ff5_ferrera128.jpg Graphic file (type jpg)
 <use ff5_ferrera128.jpg>
Package pdftex.def Info: ff5_ferrera128.jpg used on input line 295.
(pdftex.def)             Requested size: 54.25793pt x 54.26213pt.

<ff6_hader20.jpg, id=28, 32.12pt x 32.12pt>
File: ff6_hader20.jpg Graphic file (type jpg)
 <use ff6_hader20.jpg>
Package pdftex.def Info: ff6_hader20.jpg used on input line 302.
(pdftex.def)             Requested size: 54.25793pt x 54.26213pt.
 [3

 <./f1_ferrera4.jpg> <./f2_baldwin24.jpg> <./f3_carell164.jpg> <./f4_carell11.j
pg> <./f5_ferrera128.jpg> <./f6_hader20.jpg> <./ff1_ferrera4.jpg> <./ff2_baldwi
n24.jpg> <./ff3_carell164.jpg> <./ff4_carell11.jpg> <./ff5_ferrera128.jpg> <./f
f6_hader20.jpg>] <auto_pick.png, id=33, 616.3025pt x 617.30624pt>
File: auto_pick.png Graphic file (type png)
 <use auto_pick.png>
Package pdftex.def Info: auto_pick.png used on input line 322.
(pdftex.def)             Requested size: 234.87749pt x 235.257pt.

<p2_drescher122.jpg, id=35, 260.172pt x 390.64865pt>
File: p2_drescher122.jpg Graphic file (type jpg)
 <use p2_drescher122.jpg>
Package pdftex.def Info: p2_drescher122.jpg used on input line 334.
(pdftex.def)             Requested size: 75.1585pt x 112.85007pt.

<pp2_drescher122.jpg, id=36, 32.12pt x 32.12pt>
File: pp2_drescher122.jpg Graphic file (type jpg)
 <use pp2_drescher122.jpg>
Package pdftex.def Info: pp2_drescher122.jpg used on input line 341.
(pdftex.def)             Requested size: 75.1585pt x 75.16437pt.

<p2_drescher5.jpg, id=37, 3011.25pt x 2007.5pt>
File: p2_drescher5.jpg Graphic file (type jpg)
 <use p2_drescher5.jpg>
Package pdftex.def Info: p2_drescher5.jpg used on input line 354.
(pdftex.def)             Requested size: 75.1585pt x 50.08322pt.

<pp2_drescher5.jpg, id=38, 32.12pt x 32.12pt>
File: pp2_drescher5.jpg Graphic file (type jpg)
 <use pp2_drescher5.jpg>
Package pdftex.def Info: pp2_drescher5.jpg used on input line 360.
(pdftex.def)             Requested size: 75.1585pt x 75.16437pt.

<p2_ferrera165.jpg, id=39, 223.83624pt x 301.125pt>
File: p2_ferrera165.jpg Graphic file (type jpg)
 <use p2_ferrera165.jpg>
Package pdftex.def Info: p2_ferrera165.jpg used on input line 372.
(pdftex.def)             Requested size: 75.1585pt x 101.11298pt.

<pp2_ferrera165.jpg, id=40, 32.12pt x 32.12pt>
File: pp2_ferrera165.jpg Graphic file (type jpg)
 <use pp2_ferrera165.jpg>
Package pdftex.def Info: pp2_ferrera165.jpg used on input line 378.
(pdftex.def)             Requested size: 75.1585pt x 75.16437pt.

[4 <./auto_pick.png>] [5 <./p2_drescher122.jpg> <./pp2_drescher122.jpg> <./p2_d
rescher5.jpg> <./pp2_drescher5.jpg> <./p2_ferrera165.jpg> <./pp2_ferrera165.jpg
>]
Underfull \hbox (badness 10000) in paragraph at lines 392--393

 []

(/usr/local/texlive/2016/texmf-dist/tex/latex/listings/lstlang1.sty
File: lstlang1.sty 2015/06/04 1.6 listings language file
)
LaTeX Font Info:    Try loading font information for OT1+pcr on input line 414.


(/usr/local/texlive/2016/texmf-dist/tex/latex/psnfss/ot1pcr.fd
File: ot1pcr.fd 2001/06/04 font definitions for OT1/pcr.
)
LaTeX Font Info:    Try loading font information for T1+pcr on input line 416.

(/usr/local/texlive/2016/texmf-dist/tex/latex/psnfss/t1pcr.fd
File: t1pcr.fd 2001/06/04 font definitions for T1/pcr.
) [6

]
Overfull \hbox (5.44984pt too wide) in paragraph at lines 459--460
[][][][][][][][][][][][][][][][][][][][][][][][][][][][][][][][][][][][][][][][
][][][][][][][][][][][][][][][][][][][][][][][][][][][][][][][][][][][][][][][]
[][][][] 
 []


Underfull \hbox (badness 10000) in paragraph at lines 464--465

 []


Underfull \hbox (badness 10000) in paragraph at lines 466--468

 []

[7] <part4_2each.png, id=63, 578.16pt x 433.62pt>
File: part4_2each.png Graphic file (type png)
 <use part4_2each.png>
Package pdftex.def Info: part4_2each.png used on input line 480.
(pdftex.def)             Requested size: 234.87749pt x 176.15768pt.

<part4_100each.png, id=64, 578.16pt x 433.62pt>
File: part4_100each.png Graphic file (type png)
 <use part4_100each.png>
Package pdftex.def Info: part4_100each.png used on input line 488.
(pdftex.def)             Requested size: 234.87749pt x 176.15768pt.

[8

 <./part4_2each.png> <./part4_100each.png>]
Underfull \hbox (badness 10000) in paragraph at lines 499--501

 []


Overfull \hbox (28.80367pt too wide) in paragraph at lines 519--534
 [] 
 []

[9

] <part5_plot.png, id=73, 1198.2366pt x 591.1686pt>
File: part5_plot.png Graphic file (type png)
 <use part5_plot.png>
Package pdftex.def Info: part5_plot.png used on input line 539.
(pdftex.def)             Requested size: 469.75499pt x 231.76357pt.

[10

 <./part5_plot.png>]
Underfull \hbox (badness 10000) in paragraph at lines 551--552

 []


Overfull \hbox (9.09819pt too wide) detected at line 608
[] \OT1/cmr/m/n/10 = [] []  = []
 []


Overfull \hbox (9.60405pt too wide) detected at line 634
\OT1/cmr/m/n/10 = 2\OML/cmm/m/it/10 X \OMS/cmsy/m/n/10 ^^B [][]
 []

[11

]
Underfull \hbox (badness 10000) in paragraph at lines 662--663

 []


Underfull \hbox (badness 10000) in paragraph at lines 662--663

 []

[12]
Overfull \hbox (37.85017pt too wide) in paragraph at lines 693--695
[][][][][][][][][][][][][][][][][][][][][][][][][][][][][][][][][][][][][][][][
][][][][][][][][][][][][][][][][][][][][][][][][][][][][][][][][][][][][][][][]
[][][][][][][][][][][][][][][][][][][][][][][][][][][][][][][][][][][][][][][][
][][][][][][][][][][] 
 []

[13] [14]
Underfull \hbox (badness 10000) in paragraph at lines 752--758

 []


Underfull \hbox (badness 10000) in paragraph at lines 752--758

 []


Underfull \hbox (badness 10000) in paragraph at lines 752--758

 []

[15

] <part8_carell.png, id=95, 23.1264pt x 23.1264pt>
File: part8_carell.png Graphic file (type png)
 <use part8_carell.png>
Package pdftex.def Info: part8_carell.png used on input line 769.
(pdftex.def)             Requested size: 142.10245pt x 142.11041pt.

<part8_baldwin.png, id=96, 23.1264pt x 23.1264pt>
File: part8_baldwin.png Graphic file (type png)
 <use part8_baldwin.png>
Package pdftex.def Info: part8_baldwin.png used on input line 776.
(pdftex.def)             Requested size: 142.10245pt x 142.11041pt.

Overfull \hbox (49.20056pt too wide) in paragraph at lines 767--780
[]$[]$ $[]$ 
 []

<part8_hader.png, id=97, 23.1264pt x 23.1264pt>
File: part8_hader.png Graphic file (type png)
 <use part8_hader.png>
Package pdftex.def Info: part8_hader.png used on input line 783.
(pdftex.def)             Requested size: 142.10245pt x 142.11041pt.

<part8_chenoweth.png, id=98, 23.1264pt x 23.1264pt>
File: part8_chenoweth.png Graphic file (type png)
 <use part8_chenoweth.png>
Package pdftex.def Info: part8_chenoweth.png used on input line 790.
(pdftex.def)             Requested size: 142.10245pt x 142.11041pt.

<part8_ferrera.png, id=99, 23.1264pt x 23.1264pt>
File: part8_ferrera.png Graphic file (type png)
 <use part8_ferrera.png>
Package pdftex.def Info: part8_ferrera.png used on input line 797.
(pdftex.def)             Requested size: 142.10245pt x 142.11041pt.

<part8_drescher.png, id=100, 23.1264pt x 23.1264pt>
File: part8_drescher.png Graphic file (type png)
 <use part8_drescher.png>
Package pdftex.def Info: part8_drescher.png used on input line 804.
(pdftex.def)             Requested size: 142.10245pt x 142.11041pt.

Overfull \hbox (49.20056pt too wide) in paragraph at lines 781--809
[]$[]$ $[]$
 []


Overfull \hbox (49.20056pt too wide) in paragraph at lines 781--809
[]$ $[]$ 
 []


AED: lastpage setting LastPage
[16

 <./part8_carell.png> <./part8_baldwin.png> <./part8_hader.png> <./part8_chenow
eth.png> <./part8_ferrera.png> <./part8_drescher.png>] (./faces.aux)

LaTeX Warning: There were multiply-defined labels.

 ) 
Here is how much of TeX's memory you used:
 5955 strings out of 493014
 87955 string characters out of 6133351
 316529 words of memory out of 5000000
 9377 multiletter control sequences out of 15000+600000
 12247 words of font info for 43 fonts, out of 8000000 for 9000
 1141 hyphenation exceptions out of 8191
 42i,17n,43p,1127b,1830s stack positions out of 5000i,500n,10000p,200000b,80000s
{/usr/local/texlive/2016/texmf-dist/fonts/enc/dvips/base/8r.enc}</usr/local/t
exlive/2016/texmf-dist/fonts/type1/public/amsfonts/cm/cmbx10.pfb></usr/local/te
xlive/2016/texmf-dist/fonts/type1/public/amsfonts/cm/cmbx12.pfb></usr/local/tex
live/2016/texmf-dist/fonts/type1/public/amsfonts/cm/cmbx9.pfb></usr/local/texli
ve/2016/texmf-dist/fonts/type1/public/amsfonts/cm/cmbxti10.pfb></usr/local/texl
ive/2016/texmf-dist/fonts/type1/public/amsfonts/cm/cmex10.pfb></usr/local/texli
ve/2016/texmf-dist/fonts/type1/public/amsfonts/cm/cmmi10.pfb></usr/local/texliv
e/2016/texmf-dist/fonts/type1/public/amsfonts/cm/cmmi7.pfb></usr/local/texlive/
2016/texmf-dist/fonts/type1/public/amsfonts/cm/cmr10.pfb></usr/local/texlive/20
16/texmf-dist/fonts/type1/public/amsfonts/cm/cmr12.pfb></usr/local/texlive/2016
/texmf-dist/fonts/type1/public/amsfonts/cm/cmr5.pfb></usr/local/texlive/2016/te
xmf-dist/fonts/type1/public/amsfonts/cm/cmr7.pfb></usr/local/texlive/2016/texmf
-dist/fonts/type1/public/amsfonts/cm/cmr9.pfb></usr/local/texlive/2016/texmf-di
st/fonts/type1/public/amsfonts/cm/cmsl10.pfb></usr/local/texlive/2016/texmf-dis
t/fonts/type1/public/amsfonts/cm/cmsy10.pfb></usr/local/texlive/2016/texmf-dist
/fonts/type1/public/amsfonts/cm/cmsy7.pfb></usr/local/texlive/2016/texmf-dist/f
onts/type1/public/amsfonts/cm/cmti10.pfb></usr/local/texlive/2016/texmf-dist/fo
nts/type1/urw/courier/ucrr8a.pfb></usr/local/texlive/2016/texmf-dist/fonts/type
1/urw/courier/ucrro8a.pfb>
Output written on faces.pdf (16 pages, 2615304 bytes).
PDF statistics:
 168 PDF objects out of 1000 (max. 8388607)
 93 compressed objects within 1 object stream
 0 named destinations out of 1000 (max. 500000)
 141 words of extra memory for PDF output out of 10000 (max. 10000000)

